2018/05/03 22:35:31 [error] [exception.CHttpException.404] CHttpException: The system is unable to find the requested action "assets". in C:\xampp\htdocs\framework\web\CController.php:483
Stack trace:
#0 C:\xampp\htdocs\framework\web\CController.php(270): CController->missingAction('assets')
#1 C:\xampp\htdocs\framework\web\CWebApplication.php(282): CController->run('assets')
#2 C:\xampp\htdocs\framework\web\CWebApplication.php(141): CWebApplication->runController('site/assets/css...')
#3 C:\xampp\htdocs\framework\base\CApplication.php(185): CWebApplication->processRequest()
#4 C:\xampp\htdocs\electronicalh\index.php(13): CApplication->run()
#5 {main}
REQUEST_URI=/electronicalh/site/assets/css/theme-color/default-theme.css
HTTP_REFERER=http://localhost/electronicalh/site/index
---
2018/05/03 22:35:31 [error] [exception.CHttpException.404] CHttpException: The system is unable to find the requested action "assets". in C:\xampp\htdocs\framework\web\CController.php:483
Stack trace:
#0 C:\xampp\htdocs\framework\web\CController.php(270): CController->missingAction('assets')
#1 C:\xampp\htdocs\framework\web\CWebApplication.php(282): CController->run('assets')
#2 C:\xampp\htdocs\framework\web\CWebApplication.php(141): CWebApplication->runController('site/assets/css...')
#3 C:\xampp\htdocs\framework\base\CApplication.php(185): CWebApplication->processRequest()
#4 C:\xampp\htdocs\electronicalh\index.php(13): CApplication->run()
#5 {main}
REQUEST_URI=/electronicalh/site/assets/css/font-awesome.css
HTTP_REFERER=http://localhost/electronicalh/site/index
---
2018/05/03 22:35:31 [error] [exception.CHttpException.404] CHttpException: The system is unable to find the requested action "assets". in C:\xampp\htdocs\framework\web\CController.php:483
Stack trace:
#0 C:\xampp\htdocs\framework\web\CController.php(270): CController->missingAction('assets')
#1 C:\xampp\htdocs\framework\web\CWebApplication.php(282): CController->run('assets')
#2 C:\xampp\htdocs\framework\web\CWebApplication.php(141): CWebApplication->runController('site/assets/css...')
#3 C:\xampp\htdocs\framework\base\CApplication.php(185): CWebApplication->processRequest()
#4 C:\xampp\htdocs\electronicalh\index.php(13): CApplication->run()
#5 {main}
REQUEST_URI=/electronicalh/site/assets/css/slick.css
HTTP_REFERER=http://localhost/electronicalh/site/index
---
2018/05/03 22:35:31 [error] [exception.CHttpException.404] CHttpException: The system is unable to find the requested action "assets". in C:\xampp\htdocs\framework\web\CController.php:483
Stack trace:
#0 C:\xampp\htdocs\framework\web\CController.php(270): CController->missingAction('assets')
#1 C:\xampp\htdocs\framework\web\CWebApplication.php(282): CController->run('assets')
#2 C:\xampp\htdocs\framework\web\CWebApplication.php(141): CWebApplication->runController('site/assets/css...')
#3 C:\xampp\htdocs\framework\base\CApplication.php(185): CWebApplication->processRequest()
#4 C:\xampp\htdocs\electronicalh\index.php(13): CApplication->run()
#5 {main}
REQUEST_URI=/electronicalh/site/assets/css/bootstrap.css
HTTP_REFERER=http://localhost/electronicalh/site/index
---
2018/05/03 22:35:31 [error] [exception.CHttpException.404] CHttpException: The system is unable to find the requested action "assets". in C:\xampp\htdocs\framework\web\CController.php:483
Stack trace:
#0 C:\xampp\htdocs\framework\web\CController.php(270): CController->missingAction('assets')
#1 C:\xampp\htdocs\framework\web\CWebApplication.php(282): CController->run('assets')
#2 C:\xampp\htdocs\framework\web\CWebApplication.php(141): CWebApplication->runController('site/assets/css...')
#3 C:\xampp\htdocs\framework\base\CApplication.php(185): CWebApplication->processRequest()
#4 C:\xampp\htdocs\electronicalh\index.php(13): CApplication->run()
#5 {main}
REQUEST_URI=/electronicalh/site/assets/css/bootstrap-datepicker.css
HTTP_REFERER=http://localhost/electronicalh/site/index
---
2018/05/03 22:35:31 [error] [exception.CHttpException.404] CHttpException: The system is unable to find the requested action "style.css". in C:\xampp\htdocs\framework\web\CController.php:483
Stack trace:
#0 C:\xampp\htdocs\framework\web\CController.php(270): CController->missingAction('style.css')
#1 C:\xampp\htdocs\framework\web\CWebApplication.php(282): CController->run('style.css')
#2 C:\xampp\htdocs\framework\web\CWebApplication.php(141): CWebApplication->runController('site/style.css')
#3 C:\xampp\htdocs\framework\base\CApplication.php(185): CWebApplication->processRequest()
#4 C:\xampp\htdocs\electronicalh\index.php(13): CApplication->run()
#5 {main}
REQUEST_URI=/electronicalh/site/style.css
HTTP_REFERER=http://localhost/electronicalh/site/index
---
2018/05/03 22:35:31 [error] [exception.CHttpException.404] CHttpException: The system is unable to find the requested action "assets". in C:\xampp\htdocs\framework\web\CController.php:483
Stack trace:
#0 C:\xampp\htdocs\framework\web\CController.php(270): CController->missingAction('assets')
#1 C:\xampp\htdocs\framework\web\CWebApplication.php(282): CController->run('assets')
#2 C:\xampp\htdocs\framework\web\CWebApplication.php(141): CWebApplication->runController('site/assets/js/...')
#3 C:\xampp\htdocs\framework\base\CApplication.php(185): CWebApplication->processRequest()
#4 C:\xampp\htdocs\electronicalh\index.php(13): CApplication->run()
#5 {main}
REQUEST_URI=/electronicalh/site/assets/js/jquery.min.js
HTTP_REFERER=http://localhost/electronicalh/site/index
---
2018/05/03 22:35:31 [error] [exception.CHttpException.404] CHttpException: The system is unable to find the requested action "assets". in C:\xampp\htdocs\framework\web\CController.php:483
Stack trace:
#0 C:\xampp\htdocs\framework\web\CController.php(270): CController->missingAction('assets')
#1 C:\xampp\htdocs\framework\web\CWebApplication.php(282): CController->run('assets')
#2 C:\xampp\htdocs\framework\web\CWebApplication.php(141): CWebApplication->runController('site/assets/js/...')
#3 C:\xampp\htdocs\framework\base\CApplication.php(185): CWebApplication->processRequest()
#4 C:\xampp\htdocs\electronicalh\index.php(13): CApplication->run()
#5 {main}
REQUEST_URI=/electronicalh/site/assets/js/bootstrap.js
HTTP_REFERER=http://localhost/electronicalh/site/index
---
2018/05/03 22:35:31 [error] [exception.CHttpException.404] CHttpException: The system is unable to find the requested action "assets". in C:\xampp\htdocs\framework\web\CController.php:483
Stack trace:
#0 C:\xampp\htdocs\framework\web\CController.php(270): CController->missingAction('assets')
#1 C:\xampp\htdocs\framework\web\CWebApplication.php(282): CController->run('assets')
#2 C:\xampp\htdocs\framework\web\CWebApplication.php(141): CWebApplication->runController('site/assets/js/...')
#3 C:\xampp\htdocs\framework\base\CApplication.php(185): CWebApplication->processRequest()
#4 C:\xampp\htdocs\electronicalh\index.php(13): CApplication->run()
#5 {main}
REQUEST_URI=/electronicalh/site/assets/js/slick.js
HTTP_REFERER=http://localhost/electronicalh/site/index
---
2018/05/03 22:35:31 [error] [exception.CHttpException.404] CHttpException: The system is unable to find the requested action "assets". in C:\xampp\htdocs\framework\web\CController.php:483
Stack trace:
#0 C:\xampp\htdocs\framework\web\CController.php(270): CController->missingAction('assets')
#1 C:\xampp\htdocs\framework\web\CWebApplication.php(282): CController->run('assets')
#2 C:\xampp\htdocs\framework\web\CWebApplication.php(141): CWebApplication->runController('site/assets/js/...')
#3 C:\xampp\htdocs\framework\base\CApplication.php(185): CWebApplication->processRequest()
#4 C:\xampp\htdocs\electronicalh\index.php(13): CApplication->run()
#5 {main}
REQUEST_URI=/electronicalh/site/assets/js/simple-animated-counter.js
HTTP_REFERER=http://localhost/electronicalh/site/index
---
2018/05/03 22:35:31 [error] [exception.CHttpException.404] CHttpException: The system is unable to find the requested action "assets". in C:\xampp\htdocs\framework\web\CController.php:483
Stack trace:
#0 C:\xampp\htdocs\framework\web\CController.php(270): CController->missingAction('assets')
#1 C:\xampp\htdocs\framework\web\CWebApplication.php(282): CController->run('assets')
#2 C:\xampp\htdocs\framework\web\CWebApplication.php(141): CWebApplication->runController('site/assets/css...')
#3 C:\xampp\htdocs\framework\base\CApplication.php(185): CWebApplication->processRequest()
#4 C:\xampp\htdocs\electronicalh\index.php(13): CApplication->run()
#5 {main}
REQUEST_URI=/electronicalh/site/assets/css/magnific-popup.css
HTTP_REFERER=http://localhost/electronicalh/site/index
---
2018/05/03 22:35:31 [error] [exception.CHttpException.404] CHttpException: The system is unable to find the requested action "assets". in C:\xampp\htdocs\framework\web\CController.php:483
Stack trace:
#0 C:\xampp\htdocs\framework\web\CController.php(270): CController->missingAction('assets')
#1 C:\xampp\htdocs\framework\web\CWebApplication.php(282): CController->run('assets')
#2 C:\xampp\htdocs\framework\web\CWebApplication.php(141): CWebApplication->runController('site/assets/js/...')
#3 C:\xampp\htdocs\framework\base\CApplication.php(185): CWebApplication->processRequest()
#4 C:\xampp\htdocs\electronicalh\index.php(13): CApplication->run()
#5 {main}
REQUEST_URI=/electronicalh/site/assets/js/app.js
HTTP_REFERER=http://localhost/electronicalh/site/index
---
2018/05/03 22:35:31 [error] [exception.CHttpException.404] CHttpException: The system is unable to find the requested action "assets". in C:\xampp\htdocs\framework\web\CController.php:483
Stack trace:
#0 C:\xampp\htdocs\framework\web\CController.php(270): CController->missingAction('assets')
#1 C:\xampp\htdocs\framework\web\CWebApplication.php(282): CController->run('assets')
#2 C:\xampp\htdocs\framework\web\CWebApplication.php(141): CWebApplication->runController('site/assets/js/...')
#3 C:\xampp\htdocs\framework\base\CApplication.php(185): CWebApplication->processRequest()
#4 C:\xampp\htdocs\electronicalh\index.php(13): CApplication->run()
#5 {main}
REQUEST_URI=/electronicalh/site/assets/js/bootstrap-datepicker.js
HTTP_REFERER=http://localhost/electronicalh/site/index
---
2018/05/03 22:35:31 [error] [exception.CHttpException.404] CHttpException: The system is unable to find the requested action "assets". in C:\xampp\htdocs\framework\web\CController.php:483
Stack trace:
#0 C:\xampp\htdocs\framework\web\CController.php(270): CController->missingAction('assets')
#1 C:\xampp\htdocs\framework\web\CWebApplication.php(282): CController->run('assets')
#2 C:\xampp\htdocs\framework\web\CWebApplication.php(141): CWebApplication->runController('site/assets/js/...')
#3 C:\xampp\htdocs\framework\base\CApplication.php(185): CWebApplication->processRequest()
#4 C:\xampp\htdocs\electronicalh\index.php(13): CApplication->run()
#5 {main}
REQUEST_URI=/electronicalh/site/assets/js/custom.js
HTTP_REFERER=http://localhost/electronicalh/site/index
---
2018/05/03 22:35:31 [error] [exception.CHttpException.404] CHttpException: The system is unable to find the requested action "assets". in C:\xampp\htdocs\framework\web\CController.php:483
Stack trace:
#0 C:\xampp\htdocs\framework\web\CController.php(270): CController->missingAction('assets')
#1 C:\xampp\htdocs\framework\web\CWebApplication.php(282): CController->run('assets')
#2 C:\xampp\htdocs\framework\web\CWebApplication.php(141): CWebApplication->runController('site/assets/js/...')
#3 C:\xampp\htdocs\framework\base\CApplication.php(185): CWebApplication->processRequest()
#4 C:\xampp\htdocs\electronicalh\index.php(13): CApplication->run()
#5 {main}
REQUEST_URI=/electronicalh/site/assets/js/jquery.magnific-popup.min.js
HTTP_REFERER=http://localhost/electronicalh/site/index
---
2018/05/03 22:35:31 [error] [exception.CHttpException.404] CHttpException: The system is unable to find the requested action "assets". in C:\xampp\htdocs\framework\web\CController.php:483
Stack trace:
#0 C:\xampp\htdocs\framework\web\CController.php(270): CController->missingAction('assets')
#1 C:\xampp\htdocs\framework\web\CWebApplication.php(282): CController->run('assets')
#2 C:\xampp\htdocs\framework\web\CWebApplication.php(141): CWebApplication->runController('site/assets/js/...')
#3 C:\xampp\htdocs\framework\base\CApplication.php(185): CWebApplication->processRequest()
#4 C:\xampp\htdocs\electronicalh\index.php(13): CApplication->run()
#5 {main}
REQUEST_URI=/electronicalh/site/assets/js/bootstrap.js
HTTP_REFERER=http://localhost/electronicalh/site/index
---
2018/05/03 22:35:31 [error] [exception.CHttpException.404] CHttpException: The system is unable to find the requested action "assets". in C:\xampp\htdocs\framework\web\CController.php:483
Stack trace:
#0 C:\xampp\htdocs\framework\web\CController.php(270): CController->missingAction('assets')
#1 C:\xampp\htdocs\framework\web\CWebApplication.php(282): CController->run('assets')
#2 C:\xampp\htdocs\framework\web\CWebApplication.php(141): CWebApplication->runController('site/assets/js/...')
#3 C:\xampp\htdocs\framework\base\CApplication.php(185): CWebApplication->processRequest()
#4 C:\xampp\htdocs\electronicalh\index.php(13): CApplication->run()
#5 {main}
REQUEST_URI=/electronicalh/site/assets/js/slick.js
HTTP_REFERER=http://localhost/electronicalh/site/index
---
2018/05/03 22:35:31 [error] [exception.CHttpException.404] CHttpException: The system is unable to find the requested action "assets". in C:\xampp\htdocs\framework\web\CController.php:483
Stack trace:
#0 C:\xampp\htdocs\framework\web\CController.php(270): CController->missingAction('assets')
#1 C:\xampp\htdocs\framework\web\CWebApplication.php(282): CController->run('assets')
#2 C:\xampp\htdocs\framework\web\CWebApplication.php(141): CWebApplication->runController('site/assets/js/...')
#3 C:\xampp\htdocs\framework\base\CApplication.php(185): CWebApplication->processRequest()
#4 C:\xampp\htdocs\electronicalh\index.php(13): CApplication->run()
#5 {main}
REQUEST_URI=/electronicalh/site/assets/js/simple-animated-counter.js
HTTP_REFERER=http://localhost/electronicalh/site/index
---
2018/05/03 22:35:31 [error] [exception.CHttpException.404] CHttpException: The system is unable to find the requested action "assets". in C:\xampp\htdocs\framework\web\CController.php:483
Stack trace:
#0 C:\xampp\htdocs\framework\web\CController.php(270): CController->missingAction('assets')
#1 C:\xampp\htdocs\framework\web\CWebApplication.php(282): CController->run('assets')
#2 C:\xampp\htdocs\framework\web\CWebApplication.php(141): CWebApplication->runController('site/assets/js/...')
#3 C:\xampp\htdocs\framework\base\CApplication.php(185): CWebApplication->processRequest()
#4 C:\xampp\htdocs\electronicalh\index.php(13): CApplication->run()
#5 {main}
REQUEST_URI=/electronicalh/site/assets/js/jquery.magnific-popup.min.js
HTTP_REFERER=http://localhost/electronicalh/site/index
---
2018/05/03 22:35:31 [error] [exception.CHttpException.404] CHttpException: The system is unable to find the requested action "assets". in C:\xampp\htdocs\framework\web\CController.php:483
Stack trace:
#0 C:\xampp\htdocs\framework\web\CController.php(270): CController->missingAction('assets')
#1 C:\xampp\htdocs\framework\web\CWebApplication.php(282): CController->run('assets')
#2 C:\xampp\htdocs\framework\web\CWebApplication.php(141): CWebApplication->runController('site/assets/js/...')
#3 C:\xampp\htdocs\framework\base\CApplication.php(185): CWebApplication->processRequest()
#4 C:\xampp\htdocs\electronicalh\index.php(13): CApplication->run()
#5 {main}
REQUEST_URI=/electronicalh/site/assets/js/bootstrap-datepicker.js
HTTP_REFERER=http://localhost/electronicalh/site/index
---
2018/05/03 22:35:31 [error] [exception.CHttpException.404] CHttpException: The system is unable to find the requested action "assets". in C:\xampp\htdocs\framework\web\CController.php:483
Stack trace:
#0 C:\xampp\htdocs\framework\web\CController.php(270): CController->missingAction('assets')
#1 C:\xampp\htdocs\framework\web\CWebApplication.php(282): CController->run('assets')
#2 C:\xampp\htdocs\framework\web\CWebApplication.php(141): CWebApplication->runController('site/assets/js/...')
#3 C:\xampp\htdocs\framework\base\CApplication.php(185): CWebApplication->processRequest()
#4 C:\xampp\htdocs\electronicalh\index.php(13): CApplication->run()
#5 {main}
REQUEST_URI=/electronicalh/site/assets/js/app.js
HTTP_REFERER=http://localhost/electronicalh/site/index
---
2018/05/03 22:35:31 [error] [exception.CHttpException.404] CHttpException: The system is unable to find the requested action "assets". in C:\xampp\htdocs\framework\web\CController.php:483
Stack trace:
#0 C:\xampp\htdocs\framework\web\CController.php(270): CController->missingAction('assets')
#1 C:\xampp\htdocs\framework\web\CWebApplication.php(282): CController->run('assets')
#2 C:\xampp\htdocs\framework\web\CWebApplication.php(141): CWebApplication->runController('site/assets/js/...')
#3 C:\xampp\htdocs\framework\base\CApplication.php(185): CWebApplication->processRequest()
#4 C:\xampp\htdocs\electronicalh\index.php(13): CApplication->run()
#5 {main}
REQUEST_URI=/electronicalh/site/assets/js/custom.js
HTTP_REFERER=http://localhost/electronicalh/site/index
---
2018/05/03 22:35:31 [error] [exception.CHttpException.404] CHttpException: The system is unable to find the requested action "assets". in C:\xampp\htdocs\framework\web\CController.php:483
Stack trace:
#0 C:\xampp\htdocs\framework\web\CController.php(270): CController->missingAction('assets')
#1 C:\xampp\htdocs\framework\web\CWebApplication.php(282): CController->run('assets')
#2 C:\xampp\htdocs\framework\web\CWebApplication.php(141): CWebApplication->runController('site/assets/img...')
#3 C:\xampp\htdocs\framework\base\CApplication.php(185): CWebApplication->processRequest()
#4 C:\xampp\htdocs\electronicalh\index.php(13): CApplication->run()
#5 {main}
REQUEST_URI=/electronicalh/site/assets/img/favicon.ico
HTTP_REFERER=http://localhost/electronicalh/site/index
---
2018/05/03 22:39:35 [error] [exception.CHttpException.404] CHttpException: The system is unable to find the requested action "style.css". in C:\xampp\htdocs\framework\web\CController.php:483
Stack trace:
#0 C:\xampp\htdocs\framework\web\CController.php(270): CController->missingAction('style.css')
#1 C:\xampp\htdocs\framework\web\CWebApplication.php(282): CController->run('style.css')
#2 C:\xampp\htdocs\framework\web\CWebApplication.php(141): CWebApplication->runController('site/style.css')
#3 C:\xampp\htdocs\framework\base\CApplication.php(185): CWebApplication->processRequest()
#4 C:\xampp\htdocs\electronicalh\index.php(13): CApplication->run()
#5 {main}
REQUEST_URI=/electronicalh/site/style.css
HTTP_REFERER=http://localhost/electronicalh/site/index
---
2018/05/03 22:39:37 [error] [exception.CHttpException.404] CHttpException: The system is unable to find the requested action "style.css". in C:\xampp\htdocs\framework\web\CController.php:483
Stack trace:
#0 C:\xampp\htdocs\framework\web\CController.php(270): CController->missingAction('style.css')
#1 C:\xampp\htdocs\framework\web\CWebApplication.php(282): CController->run('style.css')
#2 C:\xampp\htdocs\framework\web\CWebApplication.php(141): CWebApplication->runController('site/style.css')
#3 C:\xampp\htdocs\framework\base\CApplication.php(185): CWebApplication->processRequest()
#4 C:\xampp\htdocs\electronicalh\index.php(13): CApplication->run()
#5 {main}
REQUEST_URI=/electronicalh/site/style.css
HTTP_REFERER=http://localhost/electronicalh/site/index
---
2018/05/03 22:39:38 [error] [exception.CHttpException.404] CHttpException: The system is unable to find the requested action "style.css". in C:\xampp\htdocs\framework\web\CController.php:483
Stack trace:
#0 C:\xampp\htdocs\framework\web\CController.php(270): CController->missingAction('style.css')
#1 C:\xampp\htdocs\framework\web\CWebApplication.php(282): CController->run('style.css')
#2 C:\xampp\htdocs\framework\web\CWebApplication.php(141): CWebApplication->runController('site/style.css')
#3 C:\xampp\htdocs\framework\base\CApplication.php(185): CWebApplication->processRequest()
#4 C:\xampp\htdocs\electronicalh\index.php(13): CApplication->run()
#5 {main}
REQUEST_URI=/electronicalh/site/style.css
HTTP_REFERER=http://localhost/electronicalh/site/index
---
2018/05/03 22:39:50 [error] [exception.CHttpException.404] CHttpException: The system is unable to find the requested action "style.css". in C:\xampp\htdocs\framework\web\CController.php:483
Stack trace:
#0 C:\xampp\htdocs\framework\web\CController.php(270): CController->missingAction('style.css')
#1 C:\xampp\htdocs\framework\web\CWebApplication.php(282): CController->run('style.css')
#2 C:\xampp\htdocs\framework\web\CWebApplication.php(141): CWebApplication->runController('site/style.css')
#3 C:\xampp\htdocs\framework\base\CApplication.php(185): CWebApplication->processRequest()
#4 C:\xampp\htdocs\electronicalh\index.php(13): CApplication->run()
#5 {main}
REQUEST_URI=/electronicalh/site/style.css
HTTP_REFERER=http://localhost/electronicalh/site/index
---
2018/05/03 22:39:50 [error] [exception.CHttpException.404] CHttpException: Unable to resolve the request "css/bootstrap.css.map". in C:\xampp\htdocs\framework\web\CWebApplication.php:286
Stack trace:
#0 C:\xampp\htdocs\framework\web\CWebApplication.php(141): CWebApplication->runController('css/bootstrap.c...')
#1 C:\xampp\htdocs\framework\base\CApplication.php(185): CWebApplication->processRequest()
#2 C:\xampp\htdocs\electronicalh\index.php(13): CApplication->run()
#3 {main}
REQUEST_URI=/electronicalh/css/bootstrap.css.map
---
2018/05/03 22:40:25 [error] [exception.CHttpException.404] CHttpException: Unable to resolve the request "css/style.css". in C:\xampp\htdocs\framework\web\CWebApplication.php:286
Stack trace:
#0 C:\xampp\htdocs\framework\web\CWebApplication.php(141): CWebApplication->runController('css/style.css')
#1 C:\xampp\htdocs\framework\base\CApplication.php(185): CWebApplication->processRequest()
#2 C:\xampp\htdocs\electronicalh\index.php(13): CApplication->run()
#3 {main}
REQUEST_URI=/electronicalh/css/style.css
HTTP_REFERER=http://localhost/electronicalh/site/index
---
2018/05/03 22:40:26 [error] [exception.CHttpException.404] CHttpException: Unable to resolve the request "css/bootstrap.css.map". in C:\xampp\htdocs\framework\web\CWebApplication.php:286
Stack trace:
#0 C:\xampp\htdocs\framework\web\CWebApplication.php(141): CWebApplication->runController('css/bootstrap.c...')
#1 C:\xampp\htdocs\framework\base\CApplication.php(185): CWebApplication->processRequest()
#2 C:\xampp\htdocs\electronicalh\index.php(13): CApplication->run()
#3 {main}
REQUEST_URI=/electronicalh/css/bootstrap.css.map
---
2018/05/03 22:40:41 [error] [exception.CHttpException.404] CHttpException: Unable to resolve the request "css/style.css". in C:\xampp\htdocs\framework\web\CWebApplication.php:286
Stack trace:
#0 C:\xampp\htdocs\framework\web\CWebApplication.php(141): CWebApplication->runController('css/style.css')
#1 C:\xampp\htdocs\framework\base\CApplication.php(185): CWebApplication->processRequest()
#2 C:\xampp\htdocs\electronicalh\index.php(13): CApplication->run()
#3 {main}
REQUEST_URI=/electronicalh/css/style.css
HTTP_REFERER=http://localhost/electronicalh/site/index
---
2018/05/03 22:40:41 [error] [exception.CHttpException.404] CHttpException: Unable to resolve the request "css/bootstrap.css.map". in C:\xampp\htdocs\framework\web\CWebApplication.php:286
Stack trace:
#0 C:\xampp\htdocs\framework\web\CWebApplication.php(141): CWebApplication->runController('css/bootstrap.c...')
#1 C:\xampp\htdocs\framework\base\CApplication.php(185): CWebApplication->processRequest()
#2 C:\xampp\htdocs\electronicalh\index.php(13): CApplication->run()
#3 {main}
REQUEST_URI=/electronicalh/css/bootstrap.css.map
---
2018/05/03 22:41:09 [error] [exception.CHttpException.404] CHttpException: Unable to resolve the request "css/bootstrap.css.map". in C:\xampp\htdocs\framework\web\CWebApplication.php:286
Stack trace:
#0 C:\xampp\htdocs\framework\web\CWebApplication.php(141): CWebApplication->runController('css/bootstrap.c...')
#1 C:\xampp\htdocs\framework\base\CApplication.php(185): CWebApplication->processRequest()
#2 C:\xampp\htdocs\electronicalh\index.php(13): CApplication->run()
#3 {main}
REQUEST_URI=/electronicalh/css/bootstrap.css.map
---
2018/05/04 14:52:35 [error] [exception.CHttpException.404] CHttpException: Unable to resolve the request "gii". in C:\xampp\htdocs\framework\web\CWebApplication.php:286
Stack trace:
#0 C:\xampp\htdocs\framework\web\CWebApplication.php(141): CWebApplication->runController('gii')
#1 C:\xampp\htdocs\framework\base\CApplication.php(185): CWebApplication->processRequest()
#2 C:\xampp\htdocs\electronicalh\index.php(13): CApplication->run()
#3 {main}
REQUEST_URI=/electronicalh/gii
---
2018/05/04 14:54:55 [error] [exception.ParseError] ParseError: syntax error, unexpected '$this' (T_VARIABLE), expecting function (T_FUNCTION) or const (T_CONST) in C:\xampp\htdocs\electronicalh\protected\controllers\AdminController.php:5
Stack trace:
#0 C:\xampp\htdocs\framework\web\CWebApplication.php(276): CWebApplication->createController('')
#1 C:\xampp\htdocs\framework\web\CWebApplication.php(141): CWebApplication->runController('admin')
#2 C:\xampp\htdocs\framework\base\CApplication.php(185): CWebApplication->processRequest()
#3 C:\xampp\htdocs\electronicalh\index.php(13): CApplication->run()
#4 {main}
REQUEST_URI=/electronicalh/admin
---
2018/05/04 14:56:05 [error] [exception.CException] CException: AdminController has an extra endWidget(CContentDecorator) call in its view. in C:\xampp\htdocs\framework\web\CBaseController.php:218
Stack trace:
#0 C:\xampp\htdocs\framework\web\CBaseController.php(308): CBaseController->endWidget('CContentDecorat...')
#1 C:\xampp\htdocs\electronicalh\protected\views\layouts\column1.php(5): CBaseController->endContent()
#2 C:\xampp\htdocs\framework\web\CBaseController.php(126): require('C:\\xampp\\htdocs...')
#3 C:\xampp\htdocs\framework\web\CBaseController.php(95): CBaseController->renderInternal('C:\\xampp\\htdocs...', Array, true)
#4 C:\xampp\htdocs\framework\web\CController.php(784): CBaseController->renderFile('C:\\xampp\\htdocs...', Array, true)
#5 C:\xampp\htdocs\electronicalh\protected\controllers\AdminController.php(9): CController->render('index')
#6 C:\xampp\htdocs\framework\web\actions\CInlineAction.php(49): AdminController->actionIndex()
#7 C:\xampp\htdocs\framework\web\CController.php(308): CInlineAction->runWithParams(Array)
#8 C:\xampp\htdocs\framework\web\CController.php(286): CController->runAction(Object(CInlineAction))
#9 C:\xampp\htdocs\framework\web\CController.php(265): CController->runActionWithFilters(Object(CInlineAction), Array)
#10 C:\xampp\htdocs\framework\web\CWebApplication.php(282): CController->run('')
#11 C:\xampp\htdocs\framework\web\CWebApplication.php(141): CWebApplication->runController('admin')
#12 C:\xampp\htdocs\framework\base\CApplication.php(185): CWebApplication->processRequest()
#13 C:\xampp\htdocs\electronicalh\index.php(13): CApplication->run()
#14 {main}
REQUEST_URI=/electronicalh/admin
---
